<?xml version="1.0" encoding="UTF-8"?>
<!-- Generated by org.testng.reporters.JUnitReportReporter -->
<testsuite hostname="HP" failures="0" tests="1" name="Test1" time="0.012" errors="0" timestamp="18 Mar 2024 09:01:41 GMT">
  <testcase classname="Test1" name="testeasy" time="0.012"/>
</testsuite> <!-- Test1 -->
